Determining if the pthread_create exist failed with the following output:
Change Dir: /home/chenlequn/SIMTech_ws/src/RT_monitoring_application/scanning_robviz/PCL_segmentation/build/CMakeFiles/CMakeTmp

Run Build Command:"/usr/bin/make" "cmTC_f8a2f/fast"
/usr/bin/make -f CMakeFiles/cmTC_f8a2f.dir/build.make CMakeFiles/cmTC_f8a2f.dir/build
make[1]: Entering directory '/home/chenlequn/SIMTech_ws/src/RT_monitoring_application/scanning_robviz/PCL_segmentation/build/CMakeFiles/CMakeTmp'
Building C object CMakeFiles/cmTC_f8a2f.dir/CheckSymbolExists.c.o
/usr/bin/cc    -o CMakeFiles/cmTC_f8a2f.dir/CheckSymbolExists.c.o   -c /home/chenlequn/SIMTech_ws/src/RT_monitoring_application/scanning_robviz/PCL_segmentation/build/CMakeFiles/CMakeTmp/CheckSymbolExists.c
Linking C executable cmTC_f8a2f
/usr/bin/cmake -E cmake_link_script CMakeFiles/cmTC_f8a2f.dir/link.txt --verbose=1
/usr/bin/cc      -rdynamic CMakeFiles/cmTC_f8a2f.dir/CheckSymbolExists.c.o  -o cmTC_f8a2f 
CMakeFiles/cmTC_f8a2f.dir/CheckSymbolExists.c.o: In function `main':
CheckSymbolExists.c:(.text+0x1b): undefined reference to `pthread_create'
collect2: error: ld returned 1 exit status
CMakeFiles/cmTC_f8a2f.dir/build.make:97: recipe for target 'cmTC_f8a2f' failed
make[1]: *** [cmTC_f8a2f] Error 1
make[1]: Leaving directory '/home/chenlequn/SIMTech_ws/src/RT_monitoring_application/scanning_robviz/PCL_segmentation/build/CMakeFiles/CMakeTmp'
Makefile:126: recipe for target 'cmTC_f8a2f/fast' failed
make: *** [cmTC_f8a2f/fast] Error 2

File /home/chenlequn/SIMTech_ws/src/RT_monitoring_application/scanning_robviz/PCL_segmentation/build/CMakeFiles/CMakeTmp/CheckSymbolExists.c:
/* */
#include <pthread.h>

int main(int argc, char** argv)
{
  (void)argv;
#ifndef pthread_create
  return ((int*)(&pthread_create))[argc];
#else
  (void)argc;
  return 0;
#endif
}

Determining if the function pthread_create exists in the pthreads failed with the following output:
Change Dir: /home/chenlequn/SIMTech_ws/src/RT_monitoring_application/scanning_robviz/PCL_segmentation/build/CMakeFiles/CMakeTmp

Run Build Command:"/usr/bin/make" "cmTC_c325b/fast"
/usr/bin/make -f CMakeFiles/cmTC_c325b.dir/build.make CMakeFiles/cmTC_c325b.dir/build
make[1]: Entering directory '/home/chenlequn/SIMTech_ws/src/RT_monitoring_application/scanning_robviz/PCL_segmentation/build/CMakeFiles/CMakeTmp'
Building C object CMakeFiles/cmTC_c325b.dir/CheckFunctionExists.c.o
/usr/bin/cc   -DCHECK_FUNCTION_EXISTS=pthread_create   -o CMakeFiles/cmTC_c325b.dir/CheckFunctionExists.c.o   -c /usr/share/cmake-3.10/Modules/CheckFunctionExists.c
Linking C executable cmTC_c325b
/usr/bin/cmake -E cmake_link_script CMakeFiles/cmTC_c325b.dir/link.txt --verbose=1
/usr/bin/cc  -DCHECK_FUNCTION_EXISTS=pthread_create    -rdynamic CMakeFiles/cmTC_c325b.dir/CheckFunctionExists.c.o  -o cmTC_c325b -lpthreads 
/usr/bin/ld: cannot find -lpthreads
collect2: error: ld returned 1 exit status
CMakeFiles/cmTC_c325b.dir/build.make:97: recipe for target 'cmTC_c325b' failed
make[1]: *** [cmTC_c325b] Error 1
make[1]: Leaving directory '/home/chenlequn/SIMTech_ws/src/RT_monitoring_application/scanning_robviz/PCL_segmentation/build/CMakeFiles/CMakeTmp'
Makefile:126: recipe for target 'cmTC_c325b/fast' failed
make: *** [cmTC_c325b/fast] Error 2


